Build started 27/08/2020 3:51:39 SA.
     1>Project "C:\Users\Hito\Desktop\GameSDLDemo2\GameSDLDemo\GameSDLDemo\GameSDLDemo.vcxproj" on node 2 (Build target(s)).
     1>ClCompile:
         D:\HiFi\Visual Studio 2012\VC\bin\CL.exe /c /Zi /nologo /W3 /WX- /sdl /O2 /Oi /Oy- /GL /D WIN32 /D NDEBUG /D _CONSOLE /D _UNICODE /D UNICODE /Gm- /EHsc /MD /GS /Gy /fp:precise /Zc:wchar_t /Zc:forScope /Fo"Release\\" /Fd"Release\vc110.pdb" /Gd /TP /analyze- /errorReport:prompt ThreatsObject.cpp main.cpp
         ThreatsObject.cpp
     1>ThreatsObject.cpp(7): warning C4244: '=' : conversion from 'double' to 'Sint16', possible loss of data
     1>ThreatsObject.cpp(19): warning C4018: '<' : signed/unsigned mismatch
     1>ThreatsObject.cpp(43): warning C4244: 'argument' : conversion from 'double' to 'const int', possible loss of data
     1>ThreatsObject.cpp(53): warning C4018: '<' : signed/unsigned mismatch
     1>ThreatsObject.cpp(66): warning C4244: 'argument' : conversion from 'double' to 'const int', possible loss of data
     1>ThreatsObject.cpp(93): warning C4018: '<' : signed/unsigned mismatch
     1>ThreatsObject.cpp(105): warning C4244: 'argument' : conversion from 'double' to 'const int', possible loss of data
         main.cpp
     1>main.cpp(147): warning C4018: '<' : signed/unsigned mismatch
     1>main.cpp(167): warning C4244: 'initializing' : conversion from 'double' to 'int', possible loss of data
     1>main.cpp(168): warning C4244: 'initializing' : conversion from 'double' to 'int', possible loss of data
     1>main.cpp(195): warning C4018: '<' : signed/unsigned mismatch
     1>main.cpp(206): warning C4244: 'initializing' : conversion from 'double' to 'int', possible loss of data
     1>main.cpp(207): warning C4244: 'initializing' : conversion from 'double' to 'int', possible loss of data
       Link:
         D:\HiFi\Visual Studio 2012\VC\bin\link.exe /ERRORREPORT:PROMPT /OUT:"C:\Users\Hito\Desktop\GameSDLDemo2\GameSDLDemo\Release\GameSDLDemo.exe" /INCREMENTAL:NO /NOLOGO SDL.lib SDLmain.lib SDL_image.lib SDL_mixer.lib SDL_ttf.lib kernel32.lib user32.lib gdi32.lib winspool.lib comdlg32.lib advapi32.lib shell32.lib ole32.lib oleaut32.lib uuid.lib odbc32.lib odbccp32.lib /MANIFEST /MANIFESTUAC:"level='asInvoker' uiAccess='false'" /manifest:embed /DEBUG /PDB:"C:\Users\Hito\Desktop\GameSDLDemo2\GameSDLDemo\Release\GameSDLDemo.pdb" /SUBSYSTEM:WINDOWS /OPT:REF /OPT:ICF /LTCG /TLBID:1 /DYNAMICBASE /NXCOMPAT /IMPLIB:"C:\Users\Hito\Desktop\GameSDLDemo2\GameSDLDemo\Release\GameSDLDemo.lib" /MACHINE:X86 /SAFESEH Release\BulletObject.obj
         Release\BaseObject.obj
         Release\Common_Function.obj
         Release\ExplosionObject.obj
         Release\main.obj
         Release\MainObject.obj
         Release\ThreatsObject.obj
         Generating code
         Finished generating code
         GameSDLDemo.vcxproj -> C:\Users\Hito\Desktop\GameSDLDemo2\GameSDLDemo\Release\GameSDLDemo.exe
     1>Done Building Project "C:\Users\Hito\Desktop\GameSDLDemo2\GameSDLDemo\GameSDLDemo\GameSDLDemo.vcxproj" (Build target(s)).

Build succeeded.

Time Elapsed 00:00:01.71
